#
#model:
#
#<?xml version="1.0" encoding="UTF-8" standalone="no"?><input id="posterior" spec="beast.core.util.CompoundDistribution">
#    <distribution id="prior" spec="beast.core.util.CompoundDistribution">
#        <prior id="slopePrior" name="distribution">
#            <parameter dimension="100" id="Slope" name="x" spec="beast.core.parameter.RealParameter">0.5</parameter>
#            <LogNormal id="LogNormalDistributionModel" meanInRealSpace="true" name="distr">
#                <parameter id="RealParameter" lower="0.0" name="M" spec="beast.core.parameter.RealParameter" upper="0.0">1.0</parameter>
#                <parameter id="RealParameter1" lower="0.0" name="S" spec="beast.core.parameter.RealParameter" upper="0.0">1.0</parameter>
#            </LogNormal>
#        </prior>
#        <prior id="interceptPrior" name="distribution">
#            <parameter dimension="100" id="Intercept" name="x" spec="beast.core.parameter.RealParameter">0.5</parameter>
#            <Normal id="Normal" name="distr">
#                <parameter id="RealParameter2" lower="0.0" name="mean" spec="beast.core.parameter.RealParameter" upper="0.0">0.0</parameter>
#                <parameter id="RealParameter3" lower="0.0" name="sigma" spec="beast.core.parameter.RealParameter" upper="0.0">1.0</parameter>
#            </Normal>
#        </prior>
#        <prior id="sigmaPrior" name="distribution">
#            <parameter id="Sigma" name="x" spec="beast.core.parameter.RealParameter">0.5</parameter>
#            <LogNormal id="LogNormalDistributionModel1" meanInRealSpace="true" name="distr">
#                <parameter id="RealParameter4" lower="0.0" name="M" spec="beast.core.parameter.RealParameter" upper="0.0">1.0</parameter>
#                <parameter id="RealParameter5" lower="0.0" name="S" spec="beast.core.parameter.RealParameter" upper="0.0">1.0</parameter>
#            </LogNormal>
#        </prior>
#    </distribution>
#    <distribution id="likelihood" spec="beast.core.util.CompoundDistribution" useThreads="true">
#        <distribution data="/home/jdou557/Documents/Marsden2019/papers/PoetryPaper/results/weka.arff" id="decisionTreeDistribution" intercept="@Intercept" pred="SiteModelPOEM.weight" sigma="@Sigma" slope="@Slope" spec="poetry.decisiontree.DecisionTreeDistribution" target="SiteModelPOEM.min.ESS.m">
#            <parameter id="MeanTreeSize" name="size" spec="beast.core.parameter.RealParameter">50.0</parameter>
#            <pointer dimension="99" id="AttributePointer" spec="beast.core.parameter.IntegerParameter">0</pointer>
#            <parameter dimension="99" id="SplitPoint" name="split" spec="beast.core.parameter.RealParameter">0.5</parameter>
#            <tree id="tree" spec="poetry.decisiontree.DecisionTree"/>
#        </distribution>
#    </distribution>
#</input>
#
Sample	posterior	likelihood	prior	Intercept.0	Intercept.1	Intercept.2	Intercept.3	Intercept.4	Intercept.5	Intercept.6	Intercept.7	Intercept.8	Intercept.9	Intercept.10	Intercept.11	Intercept.12	Intercept.13	Intercept.14	Intercept.15	Intercept.16	Intercept.17	Intercept.18	Intercept.19	Intercept.20	Intercept.21	Intercept.22	Intercept.23	Intercept.24	Intercept.25	Intercept.26	Intercept.27	Intercept.28	Intercept.29	Intercept.30	Intercept.31	Intercept.32	Intercept.33	Intercept.34	Intercept.35	Intercept.36	Intercept.37	Intercept.38	Intercept.39	Intercept.40	Intercept.41	Intercept.42	Intercept.43	Intercept.44	Intercept.45	Intercept.46	Intercept.47	Intercept.48	Intercept.49	Intercept.50	Intercept.51	Intercept.52	Intercept.53	Intercept.54	Intercept.55	Intercept.56	Intercept.57	Intercept.58	Intercept.59	Intercept.60	Intercept.61	Intercept.62	Intercept.63	Intercept.64	Intercept.65	Intercept.66	Intercept.67	Intercept.68	Intercept.69	Intercept.70	Intercept.71	Intercept.72	Intercept.73	Intercept.74	Intercept.75	Intercept.76	Intercept.77	Intercept.78	Intercept.79	Intercept.80	Intercept.81	Intercept.82	Intercept.83	Intercept.84	Intercept.85	Intercept.86	Intercept.87	Intercept.88	Intercept.89	Intercept.90	Intercept.91	Intercept.92	Intercept.93	Intercept.94	Intercept.95	Intercept.96	Intercept.97	Intercept.98	Intercept.99	Slope.0	Slope.1	Slope.2	Slope.3	Slope.4	Slope.5	Slope.6	Slope.7	Slope.8	Slope.9	Slope.10	Slope.11	Slope.12	Slope.13	Slope.14	Slope.15	Slope.16	Slope.17	Slope.18	Slope.19	Slope.20	Slope.21	Slope.22	Slope.23	Slope.24	Slope.25	Slope.26	Slope.27	Slope.28	Slope.29	Slope.30	Slope.31	Slope.32	Slope.33	Slope.34	Slope.35	Slope.36	Slope.37	Slope.38	Slope.39	Slope.40	Slope.41	Slope.42	Slope.43	Slope.44	Slope.45	Slope.46	Slope.47	Slope.48	Slope.49	Slope.50	Slope.51	Slope.52	Slope.53	Slope.54	Slope.55	Slope.56	Slope.57	Slope.58	Slope.59	Slope.60	Slope.61	Slope.62	Slope.63	Slope.64	Slope.65	Slope.66	Slope.67	Slope.68	Slope.69	Slope.70	Slope.71	Slope.72	Slope.73	Slope.74	Slope.75	Slope.76	Slope.77	Slope.78	Slope.79	Slope.80	Slope.81	Slope.82	Slope.83	Slope.84	Slope.85	Slope.86	Slope.87	Slope.88	Slope.89	Slope.90	Slope.91	Slope.92	Slope.93	Slope.94	Slope.95	Slope.96	Slope.97	Slope.98	Slope.99	Sigma	AttributePointer.0	AttributePointer.1	AttributePointer.2	AttributePointer.3	AttributePointer.4	AttributePointer.5	AttributePointer.6	AttributePointer.7	AttributePointer.8	AttributePointer.9	AttributePointer.10	AttributePointer.11	AttributePointer.12	AttributePointer.13	AttributePointer.14	AttributePointer.15	AttributePointer.16	AttributePointer.17	AttributePointer.18	AttributePointer.19	AttributePointer.20	AttributePointer.21	AttributePointer.22	AttributePointer.23	AttributePointer.24	AttributePointer.25	AttributePointer.26	AttributePointer.27	AttributePointer.28	AttributePointer.29	AttributePointer.30	AttributePointer.31	AttributePointer.32	AttributePointer.33	AttributePointer.34	AttributePointer.35	AttributePointer.36	AttributePointer.37	AttributePointer.38	AttributePointer.39	AttributePointer.40	AttributePointer.41	AttributePointer.42	AttributePointer.43	AttributePointer.44	AttributePointer.45	AttributePointer.46	AttributePointer.47	AttributePointer.48	AttributePointer.49	AttributePointer.50	AttributePointer.51	AttributePointer.52	AttributePointer.53	AttributePointer.54	AttributePointer.55	AttributePointer.56	AttributePointer.57	AttributePointer.58	AttributePointer.59	AttributePointer.60	AttributePointer.61	AttributePointer.62	AttributePointer.63	AttributePointer.64	AttributePointer.65	AttributePointer.66	AttributePointer.67	AttributePointer.68	AttributePointer.69	AttributePointer.70	AttributePointer.71	AttributePointer.72	AttributePointer.73	AttributePointer.74	AttributePointer.75	AttributePointer.76	AttributePointer.77	AttributePointer.78	AttributePointer.79	AttributePointer.80	AttributePointer.81	AttributePointer.82	AttributePointer.83	AttributePointer.84	AttributePointer.85	AttributePointer.86	AttributePointer.87	AttributePointer.88	AttributePointer.89	AttributePointer.90	AttributePointer.91	AttributePointer.92	AttributePointer.93	AttributePointer.94	AttributePointer.95	AttributePointer.96	AttributePointer.97	AttributePointer.98	SplitPoint.0	SplitPoint.1	SplitPoint.2	SplitPoint.3	SplitPoint.4	SplitPoint.5	SplitPoint.6	SplitPoint.7	SplitPoint.8	SplitPoint.9	SplitPoint.10	SplitPoint.11	SplitPoint.12	SplitPoint.13	SplitPoint.14	SplitPoint.15	SplitPoint.16	SplitPoint.17	SplitPoint.18	SplitPoint.19	SplitPoint.20	SplitPoint.21	SplitPoint.22	SplitPoint.23	SplitPoint.24	SplitPoint.25	SplitPoint.26	SplitPoint.27	SplitPoint.28	SplitPoint.29	SplitPoint.30	SplitPoint.31	SplitPoint.32	SplitPoint.33	SplitPoint.34	SplitPoint.35	SplitPoint.36	SplitPoint.37	SplitPoint.38	SplitPoint.39	SplitPoint.40	SplitPoint.41	SplitPoint.42	SplitPoint.43	SplitPoint.44	SplitPoint.45	SplitPoint.46	SplitPoint.47	SplitPoint.48	SplitPoint.49	SplitPoint.50	SplitPoint.51	SplitPoint.52	SplitPoint.53	SplitPoint.54	SplitPoint.55	SplitPoint.56	SplitPoint.57	SplitPoint.58	SplitPoint.59	SplitPoint.60	SplitPoint.61	SplitPoint.62	SplitPoint.63	SplitPoint.64	SplitPoint.65	SplitPoint.66	SplitPoint.67	SplitPoint.68	SplitPoint.69	SplitPoint.70	SplitPoint.71	SplitPoint.72	SplitPoint.73	SplitPoint.74	SplitPoint.75	SplitPoint.76	SplitPoint.77	SplitPoint.78	SplitPoint.79	SplitPoint.80	SplitPoint.81	SplitPoint.82	SplitPoint.83	SplitPoint.84	SplitPoint.85	SplitPoint.86	SplitPoint.87	SplitPoint.88	SplitPoint.89	SplitPoint.90	SplitPoint.91	SplitPoint.92	SplitPoint.93	SplitPoint.94	SplitPoint.95	SplitPoint.96	SplitPoint.97	SplitPoint.98	MeanTreeSize	R2	rho	leafcount
0	-52146.98508858898	-52017.90236406681	-129.08272452217656	0.5	0.5	0.5	0.5	0.5	0.5	0.5	0.5	0.5	0.5	0.5	0.5	0.5	0.5	0.5	0.5	0.5	0.5	0.5	0.5	0.5	0.5	0.5	0.5	0.5	0.5	0.5	0.5	0.5	0.5	0.5	0.5	0.5	0.5	0.5	0.5	0.5	0.5	0.5	0.5	0.5	0.5	0.5	0.5	0.5	0.5	0.5	0.5	0.5	0.5	0.5	0.5	0.5	0.5	0.5	0.5	0.5	0.5	0.5	0.5	0.5	0.5	0.5	0.5	0.5	0.5	0.5	0.5	0.5	0.5	0.5	0.5	0.5	0.5	0.5	0.5	0.5	0.5	0.5	0.5	0.5	0.5	0.5	0.5	0.5	0.5	0.5	0.5	0.5	0.5	0.5	0.5	0.5	0.5	0.5	0.5	0.5	0.5	0.5	0.5	0.5	0.5	0.5	0.5	0.5	0.5	0.5	0.5	0.5	0.5	0.5	0.5	0.5	0.5	0.5	0.5	0.5	0.5	0.5	0.5	0.5	0.5	0.5	0.5	0.5	0.5	0.5	0.5	0.5	0.5	0.5	0.5	0.5	0.5	0.5	0.5	0.5	0.5	0.5	0.5	0.5	0.5	0.5	0.5	0.5	0.5	0.5	0.5	0.5	0.5	0.5	0.5	0.5	0.5	0.5	0.5	0.5	0.5	0.5	0.5	0.5	0.5	0.5	0.5	0.5	0.5	0.5	0.5	0.5	0.5	0.5	0.5	0.5	0.5	0.5	0.5	0.5	0.5	0.5	0.5	0.5	0.5	0.5	0.5	0.5	0.5	0.5	0.5	0.5	0.5	0.5	0.5	0.5	0.5	0.5	0.5	0.5	0.5	0.5	0.5	0.5	0	0	0	0	0	0	0	0	0	0	0	0	0	0	0	0	0	0	0	0	0	0	0	0	0	0	0	0	0	0	0	0	0	0	0	0	0	0	0	0	0	0	0	0	0	0	0	0	0	0	0	0	0	0	0	0	0	0	0	0	0	0	0	0	0	0	0	0	0	0	0	0	0	0	0	0	0	0	0	0	0	0	0	0	0	0	0	0	0	0	0	0	0	0	0	0	0	0	0	0.5	0.5	0.5	0.5	0.5	0.5	0.5	0.5	0.5	0.5	0.5	0.5	0.5	0.5	0.5	0.5	0.5	0.5	0.5	0.5	0.5	0.5	0.5	0.5	0.5	0.5	0.5	0.5	0.5	0.5	0.5	0.5	0.5	0.5	0.5	0.5	0.5	0.5	0.5	0.5	0.5	0.5	0.5	0.5	0.5	0.5	0.5	0.5	0.5	0.5	0.5	0.5	0.5	0.5	0.5	0.5	0.5	0.5	0.5	0.5	0.5	0.5	0.5	0.5	0.5	0.5	0.5	0.5	0.5	0.5	0.5	0.5	0.5	0.5	0.5	0.5	0.5	0.5	0.5	0.5	0.5	0.5	0.5	0.5	0.5	0.5	0.5	0.5	0.5	0.5	0.5	0.5	0.5	0.5	0.5	0.5	0.5	0.5	0.5	50.0	-5.295991769718445	0.12501259873861628	1
